f00, 0x0000, 0, 0x0000
f01, 0x0001, 0, 0x0000
f02, 0x0002, 0, 0x0000
f03, 0x0003, 0, 0x0000
f04, 0x0004, 0, 0x0000
f0B, 0x000b, 0, 0x0000
f35, 0x0035, 0, 0x0000
f44, 0x0044, 0, 0x0000
f98, 0x0098, 0, 0x0000
fC6, 0x00c6, 0, 0x0000
fCC, 0x00cc, 0, 0x0000
fCF, 0x00cf, 0, 0x0000
fD0, 0x00d0, 0, 0x0000
fD7, 0x00d7, 0, 0x0000
fD8, 0x00d8, 0, 0x0000
fE1, 0x00e1, 0, 0x0000
p0C, 0x000c, 0, 0x0000
p0E, 0x000e, 0, 0x0000
p10, 0x0010, 0, 0x0000
p12, 0x0012, 0, 0x0000
p14, 0x0014, 0, 0x0000
p18, 0x0018, 0, 0x0000
p1D, 0x001d, 0, 0x0000
p1F, 0x001f, 0, 0x0000
p33, 0x0033, 0, 0x0000
p46, 0x0046, 0, 0x0000
p91, 0x0091, 0, 0x0000
p93, 0x0093, 0, 0x0000
p9A, 0x009a, 0, 0x0000
pA4, 0x00a4, 0, 0x0000
pB2, 0x00b2, 0, 0x0000
pB6, 0x00b6, 0, 0x0000
pB8, 0x00b8, 0, 0x0000
pBD, 0x00bd, 0, 0x0000
pBF, 0x00bf, 0, 0x0000
pC7, 0x00c7, 0, 0x0000
pC9, 0x00c9, 0, 0x0000
pCE, 0x00ce, 0, 0x0000
pD1, 0x00d1, 0, 0x0000
pD3, 0x00d3, 0, 0x0000
pDB, 0x00db, 0, 0x0000
pDE, 0x00de, 0, 0x0000
pE0, 0x00e0, 0, 0x0000
pE9, 0x00e9, 0, 0x0000
f0001, 0x0001, 0, 0x0000
f0002, 0x0002, 0, 0x0000
f0003, 0x0003, 0, 0x0000
f0004, 0x0004, 0, 0x0000
f000B, 0x000b, 0, 0x0000
f0030, 0x0030, 0, 0x0000
f0031, 0x0031, 0, 0x0000
f0032, 0x0032, 0, 0x0000
f0033, 0x0033, 0, 0x0000
f00FF, 0x00ff, 0, 0x0000
f0100, 0x0100, 0, 0x0000
f0101, 0x0101, 0, 0x0000
f0102, 0x0102, 0, 0x0000
f0103, 0x0103, 0, 0x0000
f0104, 0x0104, 0, 0x0000
f0109, 0x0109, 0, 0x0000
f010F, 0x010f, 0, 0x0000
f0110, 0x0110, 0, 0x0000
f0111, 0x0111, 0, 0x0000
f0112, 0x0112, 0, 0x0000
f0238, 0x0238, 0, 0x0000
f0272, 0x0272, 0, 0x0000
f0273, 0x0273, 0, 0x0000
f0277, 0x0277, 0, 0x0000
f027F, 0x027f, 0, 0x0000
f0293, 0x0293, 0, 0x0000
f02A7, 0x02a7, 0, 0x0000
f02E1, 0x02e1, 0, 0x0000
f02E2, 0x02e2, 0, 0x0000
fBB7F, 0xbb7f, 0, 0x0000
fBB80, 0xbb80, 0, 0x0000
fBFDE, 0xbfde, 0, 0x0000
fBFDF, 0xbfdf, 0, 0x0000
a00A0, 0x00a0, 0, 0x0000
a00A2, 0x00a2, 0, 0x0000
a00A9, 0x00a9, 0, 0x0000
a0200, 0x0200, 0, 0x0000
a0201, 0x0201, 0, 0x0000
a0202, 0x0202, 0, 0x0000
a0203, 0x0203, 0, 0x0000
a0204, 0x0204, 0, 0x0000
a0208, 0x0208, 0, 0x0000
a0209, 0x0209, 0, 0x0000
a020A, 0x020a, 0, 0x0000
a020C, 0x020c, 0, 0x0000
a020D, 0x020d, 0, 0x0000
a020E, 0x020e, 0, 0x0000
a0210, 0x0210, 0, 0x0000
a0211, 0x0211, 0, 0x0000
a0212, 0x0212, 0, 0x0000
a0213, 0x0213, 0, 0x0000
a0214, 0x0214, 0, 0x0000
a0215, 0x0215, 0, 0x0000
a0216, 0x0216, 0, 0x0000
a0217, 0x0217, 0, 0x0000
a0218, 0x0218, 0, 0x0000
a0219, 0x0219, 0, 0x0000
a021A, 0x021a, 0, 0x0000
a021B, 0x021b, 0, 0x0000
a021C, 0x021c, 0, 0x0000
a021D, 0x021d, 0, 0x0000
a021E, 0x021e, 0, 0x0000
a021F, 0x021f, 0, 0x0000
a0220, 0x0220, 0, 0x0000
a024D, 0x024d, 0, 0x0000
a024E, 0x024e, 0, 0x0000
a024F, 0x024f, 0, 0x0000
a0251, 0x0251, 0, 0x0000
a0252, 0x0252, 0, 0x0000
a0253, 0x0253, 0, 0x0000
a0256, 0x0256, 0, 0x0000
a0257, 0x0257, 0, 0x0000
a0258, 0x0258, 0, 0x0000
a0259, 0x0259, 0, 0x0000
a025A, 0x025a, 0, 0x0000
a025B, 0x025b, 0, 0x0000
a025C, 0x025c, 0, 0x0000
a025D, 0x025d, 0, 0x0000
a025E, 0x025e, 0, 0x0000
a025F, 0x025f, 0, 0x0000
a0260, 0x0260, 0, 0x0000
a0261, 0x0261, 0, 0x0000
a0262, 0x0262, 0, 0x0000
a0263, 0x0263, 0, 0x0000
a0264, 0x0264, 0, 0x0000
a0265, 0x0265, 0, 0x0000
a0268, 0x0268, 0, 0x0000
a0269, 0x0269, 0, 0x0000
a026A, 0x026a, 0, 0x0000
a026C, 0x026c, 0, 0x0000
a0271, 0x0271, 0, 0x0000
a0278, 0x0278, 0, 0x0000
a0279, 0x0279, 0, 0x0000
a027A, 0x027a, 0, 0x0000
a027B, 0x027b, 0, 0x0000
a027C, 0x027c, 0, 0x0000
a027D, 0x027d, 0, 0x0000
a027E, 0x027e, 0, 0x0000
a02A9, 0x02a9, 0, 0x0000
a02AA, 0x02aa, 0, 0x0000
a02AB, 0x02ab, 0, 0x0000
a02AC, 0x02ac, 0, 0x0000
a02AD, 0x02ad, 0, 0x0000
a02AE, 0x02ae, 0, 0x0000
a02AF, 0x02af, 0, 0x0000
a02B0, 0x02b0, 0, 0x0000
a02B1, 0x02b1, 0, 0x0000
a02C0, 0x02c0, 0, 0x0000
a02C1, 0x02c1, 0, 0x0000
a02C2, 0x02c2, 0, 0x0000
a02C3, 0x02c3, 0, 0x0000
a02DF, 0x02df, 0, 0x0000
a02E0, 0x02e0, 0, 0x0000
a02E3, 0x02e3, 0, 0x0000
a02E4, 0x02e4, 0, 0x0000
a02E5, 0x02e5, 0, 0x0000
a02E6, 0x02e6, 0, 0x0000
a02E7, 0x02e7, 0, 0x0000
a02E8, 0x02e8, 0, 0x0000
a02F0, 0x02f0, 0, 0x0000
a02F1, 0x02f1, 0, 0x0000
a02F2, 0x02f2, 0, 0x0000
a02F4, 0x02f4, 0, 0x0000
a02F6, 0x02f6, 0, 0x0000
a02F8, 0x02f8, 0, 0x0000
a02FB, 0x02fb, 0, 0x0000
a02FC, 0x02fc, 0, 0x0000
a02FD, 0x02fd, 0, 0x0000
a0300, 0x0300, 0, 0x0000
a0301, 0x0301, 0, 0x0000
a0302, 0x0302, 0, 0x0000
a0303, 0x0303, 0, 0x0000
a0304, 0x0304, 0, 0x0000
a0305, 0x0305, 0, 0x0000
a0306, 0x0306, 0, 0x0000
a0307, 0x0307, 0, 0x0000
a0309, 0x0309, 0, 0x0000
a030B, 0x030b, 0, 0x0000
a030C, 0x030c, 0, 0x0000
a030D, 0x030d, 0, 0x0000
a030E, 0x030e, 0, 0x0000
a030F, 0x030f, 0, 0x0000
aA000, 0xa000, 0, 0x0000
p0091, 0x0091, 0, 0x0000
pD0, 0x00d0, 0, 0x0000
p02F5, 0x02f5, 0, 0x0000
p0500, 0x0500, 0, 0x0000
pB900, 0xb900, 0, 0x0000
e001A, 0x001a, 0, 0x0000
e00C3, 0x00c3, 0, 0x0000
e00E2, 0x00e2, 0, 0x0000
e00E8, 0x00e8, 0, 0x0000
e023B, 0x023b, 0, 0x0000
e023E, 0x023e, 0, 0x0000
e024A, 0x024a, 0, 0x0000
StartBASIC, 0xeccc, 0, 0x0000
RestartBASIC, 0xc471, 0, 0x0000
JumpTab, 0xc006, 0, 0x0000
fC007, 0xc007, 0, 0x0000
fC0CC, 0xc0cc, 0, 0x0000
fC0CD, 0xc0cd, 0, 0x0000
fC0CE, 0xc0ce, 0, 0x0000
pC0E9, 0xc0e9, 0, 0x0000
Keywords, 0xc0ea, 0, 0x0000
ErrorMsgs, 0xc2a8, 0, 0x0000
FindForVar, 0xc3c6, 0, 0x0000
bC3CB, 0xc3cb, 0, 0x0000
bC3F3, 0xc3f3, 0, 0x0000
bC3E0, 0xc3e0, 0, 0x0000
bC3EC, 0xc3ec, 0, 0x0000
VarAlloc, 0xc3f4, 0, 0x0000
FreeMemCheck, 0xc444, 0, 0x0000
sC3FB, 0xc3fb, 0, 0x0000
bC42F, 0xc42f, 0, 0x0000
bC418, 0xc418, 0, 0x0000
bC428, 0xc428, 0, 0x0000
bC424, 0xc424, 0, 0x0000
sC437, 0xc437, 0, 0x0000
PrintError, 0xc47c, 0, 0x0000
bC470, 0xc470, 0, 0x0000
bC44E, 0xc44e, 0, 0x0000
bC452, 0xc452, 0, 0x0000
GarbageCollect, 0xd650, 0, 0x0000
bC45D, 0xc45d, 0, 0x0000
BackToBASIC, 0xc4a8, 0, 0x0000
jC47E, 0xc47e, 0, 0x0000
SetScreen, 0xc82f, 0, 0x0000
NewLine, 0xcbf0, 0, 0x0000
sCCD7, 0xccd7, 0, 0x0000
bC489, 0xc489, 0, 0x0000
sCCD9, 0xccd9, 0, 0x0000
sC726, 0xc726, 0, 0x0000
jC49D, 0xc49d, 0, 0x0000
PrintString, 0xccb0, 0, 0x0000
sE0BA, 0xe0ba, 0, 0x0000
bC4B7, 0xc4b7, 0, 0x0000
GetLine, 0xc592, 0, 0x0000
InsDelLine, 0xc4d3, 0, 0x0000
TokeniseLine, 0xc5fa, 0, 0x0000
jC90C, 0xc90c, 0, 0x0000
Txt2Int, 0xcae2, 0, 0x0000
FindLine, 0xc6b3, 0, 0x0000
InsertLine, 0xc524, 0, 0x0000
DeleteLine, 0xc4e0, 0, 0x0000
bC50E, 0xc50e, 0, 0x0000
bC516, 0xc516, 0, 0x0000
sC708, 0xc708, 0, 0x0000
SetLineLinkPtrs, 0xc55f, 0, 0x0000
bC53E, 0xc53e, 0, 0x0000
bC54E, 0xc54e, 0, 0x0000
bC568, 0xc568, 0, 0x0000
bC58B, 0xc58b, 0, 0x0000
bC570, 0xc570, 0, 0x0000
bC58C, 0xc58c, 0, 0x0000
bC594, 0xc594, 0, 0x0000
bC58F, 0xc58f, 0, 0x0000
ReadKey, 0xc5e8, 0, 0x0000
bC5A8, 0xc5a8, 0, 0x0000
bC5E5, 0xc5e5, 0, 0x0000
bC5E1, 0xc5e1, 0, 0x0000
bC5C8, 0xc5c8, 0, 0x0000
bC5CF, 0xc5cf, 0, 0x0000
PING, 0xfa9f, 0, 0x0000
jCBEA, 0xcbea, 0, 0x0000
bC5F9, 0xc5f9, 0, 0x0000
bC600, 0xc600, 0, 0x0000
bC647, 0xc647, 0, 0x0000
bC66B, 0xc66b, 0, 0x0000
bC618, 0xc618, 0, 0x0000
bC620, 0xc620, 0, 0x0000
bC631, 0xc631, 0, 0x0000
bC638, 0xc638, 0, 0x0000
bC672, 0xc672, 0, 0x0000
bC645, 0xc645, 0, 0x0000
bC68A, 0xc68a, 0, 0x0000
bC65A, 0xc65a, 0, 0x0000
bC65C, 0xc65c, 0, 0x0000
bC663, 0xc663, 0, 0x0000
bC676, 0xc676, 0, 0x0000
bC67F, 0xc67f, 0, 0x0000
EDIT, 0xc692, 0, 0x0000
bC6B0, 0xc6b0, 0, 0x0000
sC76C, 0xc76c, 0, 0x0000
jCA23, 0xca23, 0, 0x0000
bC6BD, 0xc6bd, 0, 0x0000
bC6EC, 0xc6ec, 0, 0x0000
bC6CF, 0xc6cf, 0, 0x0000
bC6ED, 0xc6ed, 0, 0x0000
bC6DA, 0xc6da, 0, 0x0000
bC6E3, 0xc6e3, 0, 0x0000
NEW, 0xc6ee, 0, 0x0000
sC6F0, 0xc6f0, 0, 0x0000
sC73A, 0xc73a, 0, 0x0000
CLEAR, 0xc70d, 0, 0x0000
bC739, 0xc739, 0, 0x0000
sC70F, 0xc70f, 0, 0x0000
RESTORE, 0xc952, 0, 0x0000
LIST, 0xc748, 0, 0x0000
bC766, 0xc766, 0, 0x0000
bC7BF, 0xc7bf, 0, 0x0000
sC962, 0xc962, 0, 0x0000
bC787, 0xc787, 0, 0x0000
bC77C, 0xc77c, 0, 0x0000
bC796, 0xc796, 0, 0x0000
bC798, 0xc798, 0, 0x0000
PrintInt, 0xe0c5, 0, 0x0000
bC7A4, 0xc7a4, 0, 0x0000
bC7A8, 0xc7a8, 0, 0x0000
bC7D0, 0xc7d0, 0, 0x0000
bC7C5, 0xc7c5, 0, 0x0000
jC7E2, 0xc7e2, 0, 0x0000
bC7F2, 0xc7f2, 0, 0x0000
bC7E5, 0xc7e5, 0, 0x0000
bC7EB, 0xc7eb, 0, 0x0000
LLIST, 0xc7fd, 0, 0x0000
SetPrinter, 0xc816, 0, 0x0000
LPRINT, 0xc809, 0, 0x0000
PRINT, 0xcbab, 0, 0x0000
bC854, 0xc854, 0, 0x0000
jC844, 0xc844, 0, 0x0000
sC83E, 0xc83e, 0, 0x0000
bC846, 0xc846, 0, 0x0000
FOR, 0xc855, 0, 0x0000
LET, 0xcb1c, 0, 0x0000
bC866, 0xc866, 0, 0x0000
FindEndOfStatement, 0xca4e, 0, 0x0000
sD067, 0xd067, 0, 0x0000
sCF06, 0xcf06, 0, 0x0000
GetExpr, 0xcf03, 0, 0x0000
pC89E, 0xc89e, 0, 0x0000
jCFC0, 0xcfc0, 0, 0x0000
sDE7B, 0xde7b, 0, 0x0000
bC8B2, 0xc8b2, 0, 0x0000
GetSign, 0xdf13, 0, 0x0000
sCFB1, 0xcfb1, 0, 0x0000
DoNextLine, 0xc8c1, 0, 0x0000
bC8D0, 0xc8d0, 0, 0x0000
bC92F, 0xc92f, 0, 0x0000
bC8E1, 0xc8e1, 0, 0x0000
jC98A, 0xc98a, 0, 0x0000
bC8F4, 0xc8f4, 0, 0x0000
sCCFB, 0xccfb, 0, 0x0000
DoStatement, 0xc915, 0, 0x0000
bC960, 0xc960, 0, 0x0000
jC917, 0xc917, 0, 0x0000
bC92C, 0xc92c, 0, 0x0000
bC94F, 0xc94f, 0, 0x0000
bC945, 0xc945, 0, 0x0000
sCAB1, 0xcab1, 0, 0x0000
REM, 0xca99, 0, 0x0000
jD070, 0xd070, 0, 0x0000
bC95C, 0xc95c, 0, 0x0000
bC961, 0xc961, 0, 0x0000
bC974, 0xc974, 0, 0x0000
bC9B9, 0xc9b9, 0, 0x0000
bC988, 0xc988, 0, 0x0000
jC980, 0xc980, 0, 0x0000
bC99D, 0xc99d, 0, 0x0000
CONT, 0xc9a0, 0, 0x0000
bC9AB, 0xc9ab, 0, 0x0000
jD336, 0xd336, 0, 0x0000
RUN, 0xc9bd, 0, 0x0000
bC9C2, 0xc9c2, 0, 0x0000
jC9DC, 0xc9dc, 0, 0x0000
GOSUB, 0xc9c8, 0, 0x0000
GOTO, 0xc9e5, 0, 0x0000
sE853, 0xe853, 0, 0x0000
FindEOL, 0xca51, 0, 0x0000
bC9FC, 0xc9fc, 0, 0x0000
bCA00, 0xca00, 0, 0x0000
bCA11, 0xca11, 0, 0x0000
RETURN, 0xca12, 0, 0x0000
bCA2B, 0xca2b, 0, 0x0000
bCA4A, 0xca4a, 0, 0x0000
sCA3C, 0xca3c, 0, 0x0000
bCA3F, 0xca3f, 0, 0x0000
bCA49, 0xca49, 0, 0x0000
bCA59, 0xca59, 0, 0x0000
bCA61, 0xca61, 0, 0x0000
IF, 0xca70, 0, 0x0000
EvalExpr, 0xcf17, 0, 0x0000
bCA7F, 0xca7f, 0, 0x0000
bCA88, 0xca88, 0, 0x0000
sCA9E, 0xca9e, 0, 0x0000
bCA90, 0xca90, 0, 0x0000
bCAA0, 0xcaa0, 0, 0x0000
bCAB0, 0xcab0, 0, 0x0000
bCAB3, 0xcab3, 0, 0x0000
bCABC, 0xcabc, 0, 0x0000
bCABF, 0xcabf, 0, 0x0000
ON, 0xcac2, 0, 0x0000
sD8C8, 0xd8c8, 0, 0x0000
bCACE, 0xcace, 0, 0x0000
bCACA, 0xcaca, 0, 0x0000
bCAD6, 0xcad6, 0, 0x0000
bCAE1, 0xcae1, 0, 0x0000
jCAE8, 0xcae8, 0, 0x0000
bCB16, 0xcb16, 0, 0x0000
GetVarFromText, 0xd188, 0, 0x0000
sCF09, 0xcf09, 0, 0x0000
bCB50, 0xcb50, 0, 0x0000
sCB39, 0xcb39, 0, 0x0000
bCB4D, 0xcb4d, 0, 0x0000
RoundFPA, 0xdef4, 0, 0x0000
sD2A9, 0xd2a9, 0, 0x0000
jDEA9, 0xdea9, 0, 0x0000
sCB51, 0xcb51, 0, 0x0000
bCB70, 0xcb70, 0, 0x0000
bCB62, 0xcb62, 0, 0x0000
bCB77, 0xcb77, 0, 0x0000
jCB8D, 0xcb8d, 0, 0x0000
SetupString, 0xd5a3, 0, 0x0000
sD7A4, 0xd7a4, 0, 0x0000
sD805, 0xd805, 0, 0x0000
bCBA5, 0xcba5, 0, 0x0000
sCCB3, 0xccb3, 0, 0x0000
bCBA8, 0xcba8, 0, 0x0000
jCBAD, 0xcbad, 0, 0x0000
bCC0B, 0xcc0b, 0, 0x0000
bCC2E, 0xcc2e, 0, 0x0000
bCC0C, 0xcc0c, 0, 0x0000
bCC2B, 0xcc2b, 0, 0x0000
bCBC7, 0xcbc7, 0, 0x0000
SetCursor, 0xcc59, 0, 0x0000
sE0D5, 0xe0d5, 0, 0x0000
GetString, 0xd5b5, 0, 0x0000
bCBE2, 0xcbe2, 0, 0x0000
sCCD4, 0xccd4, 0, 0x0000
bCC02, 0xcc02, 0, 0x0000
bCC17, 0xcc17, 0, 0x0000
bCC18, 0xcc18, 0, 0x0000
bCC47, 0xcc47, 0, 0x0000
jCC4B, 0xcc4b, 0, 0x0000
GetByteExpr, 0xd8c5, 0, 0x0000
bCC56, 0xcc56, 0, 0x0000
bCC41, 0xcc41, 0, 0x0000
bCC48, 0xcc48, 0, 0x0000
bCC51, 0xcc51, 0, 0x0000
bCC66, 0xcc66, 0, 0x0000
jEAF7, 0xeaf7, 0, 0x0000
bCCAD, 0xccad, 0, 0x0000
sD065, 0xd065, 0, 0x0000
sF801, 0xf801, 0, 0x0000
RowCalc, 0xda0c, 0, 0x0000
jD8C2, 0xd8c2, 0, 0x0000
sD7D0, 0xd7d0, 0, 0x0000
bCCBA, 0xccba, 0, 0x0000
bCCCD, 0xcccd, 0, 0x0000
ClrScr, 0xccce, 0, 0x0000
bCD10, 0xcd10, 0, 0x0000
bCCED, 0xcced, 0, 0x0000
bCCEB, 0xcceb, 0, 0x0000
Char2Scr, 0xf77c, 0, 0x0000
bCD09, 0xcd09, 0, 0x0000
bCD0E, 0xcd0e, 0, 0x0000
TRON, 0xcd16, 0, 0x0000
jCD1F, 0xcd1f, 0, 0x0000
bCD36, 0xcd36, 0, 0x0000
bCD29, 0xcd29, 0, 0x0000
bCD2D, 0xcd2d, 0, 0x0000
GET, 0xcd46, 0, 0x0000
sD4D2, 0xd4d2, 0, 0x0000
sCD8F, 0xcd8f, 0, 0x0000
INPUT, 0xcd55, 0, 0x0000
bCD66, 0xcd66, 0, 0x0000
sD025, 0xd025, 0, 0x0000
bCD6D, 0xcd6d, 0, 0x0000
sCD80, 0xcd80, 0, 0x0000
bCD8E, 0xcd8e, 0, 0x0000
READ, 0xcd89, 0, 0x0000
jCD95, 0xcd95, 0, 0x0000
bCDCE, 0xcdce, 0, 0x0000
bCDC2, 0xcdc2, 0, 0x0000
bCDB5, 0xcdb5, 0, 0x0000
CheckKbd, 0xeb78, 0, 0x0000
bCDCA, 0xcdca, 0, 0x0000
bCE35, 0xce35, 0, 0x0000
bCE06, 0xce06, 0, 0x0000
bCDE2, 0xcde2, 0, 0x0000
bCDEE, 0xcdee, 0, 0x0000
bCDEF, 0xcdef, 0, 0x0000
bCDFA, 0xcdfa, 0, 0x0000
sD5BB, 0xd5bb, 0, 0x0000
sD90D, 0xd90d, 0, 0x0000
jCE0E, 0xce0e, 0, 0x0000
GetNumber, 0xdfe7, 0, 0x0000
bCE1A, 0xce1a, 0, 0x0000
bCE5B, 0xce5b, 0, 0x0000
bCE4E, 0xce4e, 0, 0x0000
bCEAC, 0xceac, 0, 0x0000
bCE66, 0xce66, 0, 0x0000
bCE73, 0xce73, 0, 0x0000
NEXT, 0xce98, 0, 0x0000
bCE9E, 0xce9e, 0, 0x0000
bCEA1, 0xcea1, 0, 0x0000
bCEAE, 0xceae, 0, 0x0000
bCF14, 0xcf14, 0, 0x0000
sDB22, 0xdb22, 0, 0x0000
sDF4E, 0xdf4e, 0, 0x0000
bCEF1, 0xcef1, 0, 0x0000
bCEEE, 0xceee, 0, 0x0000
sCF08, 0xcf08, 0, 0x0000
bCF10, 0xcf10, 0, 0x0000
bCF12, 0xcf12, 0, 0x0000
bCF0F, 0xcf0f, 0, 0x0000
bCF1D, 0xcf1d, 0, 0x0000
jCF22, 0xcf22, 0, 0x0000
GetItem, 0xd000, 0, 0x0000
jCF31, 0xcf31, 0, 0x0000
jCF34, 0xcf34, 0, 0x0000
bCF50, 0xcf50, 0, 0x0000
bCFA9, 0xcfa9, 0, 0x0000
bCF80, 0xcf80, 0, 0x0000
bCFD5, 0xcfd5, 0, 0x0000
bCF61, 0xcf61, 0, 0x0000
StrCat, 0xd767, 0, 0x0000
bCF69, 0xcf69, 0, 0x0000
bCFDA, 0xcfda, 0, 0x0000
bCF72, 0xcf72, 0, 0x0000
jCF73, 0xcf73, 0, 0x0000
sCF99, 0xcf99, 0, 0x0000
bCF92, 0xcf92, 0, 0x0000
bCFD8, 0xcfd8, 0, 0x0000
bCFE3, 0xcfe3, 0, 0x0000
bCF8A, 0xcf8a, 0, 0x0000
DoOper, 0xcfac, 0, 0x0000
bCFBE, 0xcfbe, 0, 0x0000
bCFFD, 0xcffd, 0, 0x0000
bCFE1, 0xcfe1, 0, 0x0000
bD004, 0xd004, 0, 0x0000
bD00C, 0xd00c, 0, 0x0000
bD009, 0xd009, 0, 0x0000
sD216, 0xd216, 0, 0x0000
GetVarVal, 0xd07c, 0, 0x0000
bD075, 0xd075, 0, 0x0000
bD034, 0xd034, 0, 0x0000
bD02E, 0xd02e, 0, 0x0000
bD04B, 0xd04b, 0, 0x0000
bD077, 0xd077, 0, 0x0000
NOT, 0xd03c, 0, 0x0000
jD499, 0xd499, 0, 0x0000
bD052, 0xd052, 0, 0x0000
jD522, 0xd522, 0, 0x0000
EvalBracket, 0xd059, 0, 0x0000
jD0A0, 0xd0a0, 0, 0x0000
sD062, 0xd062, 0, 0x0000
sD05F, 0xd05f, 0, 0x0000
bD08C, 0xd08c, 0, 0x0000
bD09D, 0xd09d, 0, 0x0000
bD0CE, 0xd0ce, 0, 0x0000
bD0D1, 0xd0d1, 0, 0x0000
jD0D3, 0xd0d3, 0, 0x0000
sDED5, 0xded5, 0, 0x0000
Compare, 0xd113, 0, 0x0000
bD12B, 0xd12b, 0, 0x0000
CompareFPA, 0xdf4c, 0, 0x0000
jD15E, 0xd15e, 0, 0x0000
sD7D4, 0xd7d4, 0, 0x0000
bD153, 0xd153, 0, 0x0000
bD158, 0xd158, 0, 0x0000
bD163, 0xd163, 0, 0x0000
bD16F, 0xd16f, 0, 0x0000
bD178, 0xd178, 0, 0x0000
jDF24, 0xdf24, 0, 0x0000
bD17B, 0xd17b, 0, 0x0000
DIM, 0xd17e, 0, 0x0000
sD18D, 0xd18d, 0, 0x0000
sD18F, 0xd18f, 0, 0x0000
bD19C, 0xd19c, 0, 0x0000
bD199, 0xd199, 0, 0x0000
bD1AC, 0xd1ac, 0, 0x0000
bD1B7, 0xd1b7, 0, 0x0000
bD1AD, 0xd1ad, 0, 0x0000
bD1C1, 0xd1c1, 0, 0x0000
bD1D1, 0xd1d1, 0, 0x0000
bD1D8, 0xd1d8, 0, 0x0000
bD1E4, 0xd1e4, 0, 0x0000
bD1E1, 0xd1e1, 0, 0x0000
jD2BB, 0xd2bb, 0, 0x0000
bD1F2, 0xd1f2, 0, 0x0000
bD1F4, 0xd1f4, 0, 0x0000
bD1FE, 0xd1fe, 0, 0x0000
bD222, 0xd222, 0, 0x0000
bD20C, 0xd20c, 0, 0x0000
bD277, 0xd277, 0, 0x0000
bD221, 0xd221, 0, 0x0000
bD235, 0xd235, 0, 0x0000
bD24B, 0xd24b, 0, 0x0000
bD281, 0xd281, 0, 0x0000
sD286, 0xd286, 0, 0x0000
sD288, 0xd288, 0, 0x0000
bD292, 0xd292, 0, 0x0000
sD29C, 0xd29c, 0, 0x0000
sD2A2, 0xd2a2, 0, 0x0000
bD2B6, 0xd2b6, 0, 0x0000
bD2B8, 0xd2b8, 0, 0x0000
FPA2Int, 0xdf8c, 0, 0x0000
bD306, 0xd306, 0, 0x0000
bD2C9, 0xd2c9, 0, 0x0000
bD30A, 0xd30a, 0, 0x0000
bD316, 0xd316, 0, 0x0000
bD355, 0xd355, 0, 0x0000
bD325, 0xd325, 0, 0x0000
bD33B, 0xd33b, 0, 0x0000
bD333, 0xd333, 0, 0x0000
bD338, 0xd338, 0, 0x0000
bD347, 0xd347, 0, 0x0000
GetArrayElement, 0xd3eb, 0, 0x0000
DimArray, 0xd361, 0, 0x0000
sE93D, 0xe93d, 0, 0x0000
bD375, 0xd375, 0, 0x0000
bD37E, 0xd37e, 0, 0x0000
bD387, 0xd387, 0, 0x0000
bD397, 0xd397, 0, 0x0000
sD44D, 0xd44d, 0, 0x0000
bD40C, 0xd40c, 0, 0x0000
bD3BA, 0xd3ba, 0, 0x0000
bD3CE, 0xd3ce, 0, 0x0000
bD3C9, 0xd3c9, 0, 0x0000
bD44C, 0xd44c, 0, 0x0000
bD3F3, 0xd3f3, 0, 0x0000
bD40F, 0xd40f, 0, 0x0000
bD409, 0xd409, 0, 0x0000
bD410, 0xd410, 0, 0x0000
bD421, 0xd421, 0, 0x0000
bD432, 0xd432, 0, 0x0000
bD438, 0xd438, 0, 0x0000
sD456, 0xd456, 0, 0x0000
bD460, 0xd460, 0, 0x0000
bD479, 0xd479, 0, 0x0000
FRE, 0xd47e, 0, 0x0000
bD485, 0xd485, 0, 0x0000
jDF40, 0xdf40, 0, 0x0000
jDF2C, 0xdf2c, 0, 0x0000
POS, 0xd4a6, 0, 0x0000
sD8CB, 0xd8cb, 0, 0x0000
bD4B4, 0xd4b4, 0, 0x0000
bD4B6, 0xd4b6, 0, 0x0000
DEF, 0xd4ba, 0, 0x0000
bD4DF, 0xd4df, 0, 0x0000
bD4D1, 0xd4d1, 0, 0x0000
bD4DA, 0xd4da, 0, 0x0000
sD50D, 0xd50d, 0, 0x0000
jD57D, 0xd57d, 0, 0x0000
bD546, 0xd546, 0, 0x0000
sDEAD, 0xdead, 0, 0x0000
bD577, 0xd577, 0, 0x0000
STR, 0xd593, 0, 0x0000
sE0D7, 0xe0d7, 0, 0x0000
jD59B, 0xd59b, 0, 0x0000
sD5AB, 0xd5ab, 0, 0x0000
sD61E, 0xd61e, 0, 0x0000
bD5C5, 0xd5c5, 0, 0x0000
bD5D6, 0xd5d6, 0, 0x0000
bD5D2, 0xd5d2, 0, 0x0000
bD5D7, 0xd5d7, 0, 0x0000
bD5E3, 0xd5e3, 0, 0x0000
bD5F4, 0xd5f4, 0, 0x0000
sD7B2, 0xd7b2, 0, 0x0000
bD5FF, 0xd5ff, 0, 0x0000
bD5FC, 0xd5fc, 0, 0x0000
bD620, 0xd620, 0, 0x0000
bD62B, 0xd62b, 0, 0x0000
bD640, 0xd640, 0, 0x0000
bD635, 0xd635, 0, 0x0000
jD654, 0xd654, 0, 0x0000
bD66E, 0xd66e, 0, 0x0000
bD677, 0xd677, 0, 0x0000
sD6F1, 0xd6f1, 0, 0x0000
bD683, 0xd683, 0, 0x0000
bD68B, 0xd68b, 0, 0x0000
bD690, 0xd690, 0, 0x0000
sD6E7, 0xd6e7, 0, 0x0000
bD698, 0xd698, 0, 0x0000
bD69C, 0xd69c, 0, 0x0000
bD6A7, 0xd6a7, 0, 0x0000
CopyString, 0xd730, 0, 0x0000
bD6D8, 0xd6d8, 0, 0x0000
bD6DA, 0xd6da, 0, 0x0000
bD6E2, 0xd6e2, 0, 0x0000
bD720, 0xd720, 0, 0x0000
bD706, 0xd706, 0, 0x0000
bD710, 0xd710, 0, 0x0000
bD72B, 0xd72b, 0, 0x0000
bD787, 0xd787, 0, 0x0000
sD7B6, 0xd7b6, 0, 0x0000
bD7C3, 0xd7c3, 0, 0x0000
bD7BA, 0xd7ba, 0, 0x0000
bD7CC, 0xd7cc, 0, 0x0000
sD7CD, 0xd7cd, 0, 0x0000
bD800, 0xd800, 0, 0x0000
bD7FF, 0xd7ff, 0, 0x0000
bD815, 0xd815, 0, 0x0000
CHR, 0xd816, 0, 0x0000
LEFT, 0xd82a, 0, 0x0000
sD88B, 0xd88b, 0, 0x0000
jD830, 0xd830, 0, 0x0000
bD836, 0xd836, 0, 0x0000
bD837, 0xd837, 0, 0x0000
bD838, 0xd838, 0, 0x0000
bD84F, 0xd84f, 0, 0x0000
RIGHT, 0xd856, 0, 0x0000
MID, 0xd861, 0, 0x0000
bD872, 0xd872, 0, 0x0000
LEN, 0xd8a6, 0, 0x0000
sD8AC, 0xd8ac, 0, 0x0000
ASC, 0xd8b5, 0, 0x0000
bD8DF, 0xd8df, 0, 0x0000
jDBB2, 0xdbb2, 0, 0x0000
bD8F7, 0xd8f7, 0, 0x0000
sD916, 0xd916, 0, 0x0000
FP2Int, 0xd922, 0, 0x0000
sD92A, 0xd92a, 0, 0x0000
PEEK, 0xd938, 0, 0x0000
POKE, 0xd94f, 0, 0x0000
WAIT, 0xd958, 0, 0x0000
Delay, 0xeec9, 0, 0x0000
DOKE, 0xd967, 0, 0x0000
bD97A, 0xd97a, 0, 0x0000
DEEK, 0xd983, 0, 0x0000
Byte2Hex, 0xd993, 0, 0x0000
sD99C, 0xd99c, 0, 0x0000
bD9A6, 0xd9a6, 0, 0x0000
bD9AE, 0xd9ae, 0, 0x0000
bD9B4, 0xd9b4, 0, 0x0000
HEX, 0xd9b5, 0, 0x0000
bD9D3, 0xd9d3, 0, 0x0000
bD9DB, 0xd9db, 0, 0x0000
LORES, 0xd9de, 0, 0x0000
TEXT, 0xec21, 0, 0x0000
bD9ED, 0xd9ed, 0, 0x0000
bD9F6, 0xd9f6, 0, 0x0000
bDA00, 0xda00, 0, 0x0000
sF731, 0xf731, 0, 0x0000
bDA1F, 0xda1f, 0, 0x0000
sDA22, 0xda22, 0, 0x0000
TxtTest, 0xdaf6, 0, 0x0000
SCRN, 0xda3f, 0, 0x0000
PLOT, 0xda51, 0, 0x0000
bDA7B, 0xda7b, 0, 0x0000
bDA6C, 0xda6c, 0, 0x0000
bDA71, 0xda71, 0, 0x0000
bDA84, 0xda84, 0, 0x0000
bDA9E, 0xda9e, 0, 0x0000
jDA8C, 0xda8c, 0, 0x0000
UNTIL, 0xdaa1, 0, 0x0000
REPEAT, 0xdaab, 0, 0x0000
bDAB2, 0xdab2, 0, 0x0000
bDABB, 0xdabb, 0, 0x0000
bDAC1, 0xdac1, 0, 0x0000
bDACB, 0xdacb, 0, 0x0000
KEY, 0xdada, 0, 0x0000
bDAE4, 0xdae4, 0, 0x0000
bDAF1, 0xdaf1, 0, 0x0000
bDB02, 0xdb02, 0, 0x0000
bDB03, 0xdb03, 0, 0x0000
sDB04, 0xdb04, 0, 0x0000
sDB0B, 0xdb0b, 0, 0x0000
UnpackFPA, 0xdd51, 0, 0x0000
sDB0E, 0xdb0e, 0, 0x0000
jDB25, 0xdb25, 0, 0x0000
bDB1D, 0xdb1d, 0, 0x0000
sDC54, 0xdc54, 0, 0x0000
bDB5E, 0xdb5e, 0, 0x0000
bDB2A, 0xdb2a, 0, 0x0000
sDB32, 0xdb32, 0, 0x0000
bDB4E, 0xdb4e, 0, 0x0000
bDB52, 0xdb52, 0, 0x0000
sDC6B, 0xdc6b, 0, 0x0000
AddMantissas, 0xdbb9, 0, 0x0000
bDB6A, 0xdb6a, 0, 0x0000
jDB8D, 0xdb8d, 0, 0x0000
Normalise, 0xdb92, 0, 0x0000
sDC02, 0xdc02, 0, 0x0000
bDB96, 0xdb96, 0, 0x0000
bDBE4, 0xdbe4, 0, 0x0000
jDBB4, 0xdbb4, 0, 0x0000
jDBB6, 0xdbb6, 0, 0x0000
jDBF1, 0xdbf1, 0, 0x0000
bDBD8, 0xdbd8, 0, 0x0000
bDC01, 0xdc01, 0, 0x0000
jDBF3, 0xdbf3, 0, 0x0000
bDC39, 0xdc39, 0, 0x0000
sDC08, 0xdc08, 0, 0x0000
bDC38, 0xdc38, 0, 0x0000
sDC2A, 0xdc2a, 0, 0x0000
jDC3E, 0xdc3e, 0, 0x0000
bDC40, 0xdc40, 0, 0x0000
bDC75, 0xdc75, 0, 0x0000
bDC61, 0xdc61, 0, 0x0000
bDC67, 0xdc67, 0, 0x0000
pDC7C, 0xdc7c, 0, 0x0000
LN, 0xdcaf, 0, 0x0000
bDCB6, 0xdcb6, 0, 0x0000
bDCB9, 0xdcb9, 0, 0x0000
sDDE4, 0xdde4, 0, 0x0000
sE2FD, 0xe2fd, 0, 0x0000
AddToFPA, 0xe076, 0, 0x0000
sDCED, 0xdced, 0, 0x0000
bDCF5, 0xdcf5, 0, 0x0000
jDD50, 0xdd50, 0, 0x0000
sDD7C, 0xdd7c, 0, 0x0000
sDD1E, 0xdd1e, 0, 0x0000
sDD23, 0xdd23, 0, 0x0000
jDE64, 0xde64, 0, 0x0000
bDD26, 0xdd26, 0, 0x0000
bDD42, 0xdd42, 0, 0x0000
sDD7E, 0xdd7e, 0, 0x0000
bDD9F, 0xdd9f, 0, 0x0000
bDD89, 0xdd89, 0, 0x0000
bDDA4, 0xdda4, 0, 0x0000
bDD94, 0xdd94, 0, 0x0000
sDD99, 0xdd99, 0, 0x0000
FPAMult10, 0xdda7, 0, 0x0000
sDEE5, 0xdee5, 0, 0x0000
bDDBD, 0xddbd, 0, 0x0000
FPADiv10, 0xddc3, 0, 0x0000
sDDCC, 0xddcc, 0, 0x0000
jDDE7, 0xdde7, 0, 0x0000
LOG, 0xddd4, 0, 0x0000
bDE5F, 0xde5f, 0, 0x0000
bDDFE, 0xddfe, 0, 0x0000
bDE14, 0xde14, 0, 0x0000
bDE21, 0xde21, 0, 0x0000
bDE4F, 0xde4f, 0, 0x0000
bDE53, 0xde53, 0, 0x0000
bDE32, 0xde32, 0, 0x0000
jDE24, 0xde24, 0, 0x0000
PI, 0xde77, 0, 0x0000
sDEA0, 0xdea0, 0, 0x0000
sDEA3, 0xdea3, 0, 0x0000
sDED7, 0xded7, 0, 0x0000
bDEDB, 0xdedb, 0, 0x0000
sDEE8, 0xdee8, 0, 0x0000
bDEEA, 0xdeea, 0, 0x0000
bDEF3, 0xdef3, 0, 0x0000
sDEFC, 0xdefc, 0, 0x0000
TRUE, 0xdf0f, 0, 0x0000
FALSE, 0xdf0b, 0, 0x0000
bDF20, 0xdf20, 0, 0x0000
bDF17, 0xdf17, 0, 0x0000
jDF19, 0xdf19, 0, 0x0000
SGN, 0xdf21, 0, 0x0000
bDF31, 0xdf31, 0, 0x0000
bDF83, 0xdf83, 0, 0x0000
bDFAB, 0xdfab, 0, 0x0000
bDF89, 0xdf89, 0, 0x0000
bDFDA, 0xdfda, 0, 0x0000
bDFA0, 0xdfa0, 0, 0x0000
bDFAC, 0xdfac, 0, 0x0000
INT, 0xdfbd, 0, 0x0000
bDFE3, 0xdfe3, 0, 0x0000
bDFE4, 0xdfe4, 0, 0x0000
jE981, 0xe981, 0, 0x0000
bDFEB, 0xdfeb, 0, 0x0000
bE005, 0xe005, 0, 0x0000
bDFFE, 0xdffe, 0, 0x0000
bE002, 0xe002, 0, 0x0000
bE007, 0xe007, 0, 0x0000
bE062, 0xe062, 0, 0x0000
bE039, 0xe039, 0, 0x0000
bE03F, 0xe03f, 0, 0x0000
bE02B, 0xe02b, 0, 0x0000
bE026, 0xe026, 0, 0x0000
bE028, 0xe028, 0, 0x0000
bE02D, 0xe02d, 0, 0x0000
bE089, 0xe089, 0, 0x0000
jE041, 0xe041, 0, 0x0000
bE05A, 0xe05a, 0, 0x0000
bE053, 0xe053, 0, 0x0000
bE04A, 0xe04a, 0, 0x0000
bE05F, 0xe05f, 0, 0x0000
jE271, 0xe271, 0, 0x0000
bE069, 0xe069, 0, 0x0000
bE098, 0xe098, 0, 0x0000
bE0A6, 0xe0a6, 0, 0x0000
sE0D2, 0xe0d2, 0, 0x0000
bE0DF, 0xe0df, 0, 0x0000
bE0F0, 0xe0f0, 0, 0x0000
jE1F8, 0xe1f8, 0, 0x0000
bE0F8, 0xe0f8, 0, 0x0000
bE101, 0xe101, 0, 0x0000
bE103, 0xe103, 0, 0x0000
bE12A, 0xe12a, 0, 0x0000
bE120, 0xe120, 0, 0x0000
bE10E, 0xe10e, 0, 0x0000
bE119, 0xe119, 0, 0x0000
bE127, 0xe127, 0, 0x0000
bE13F, 0xe13f, 0, 0x0000
bE140, 0xe140, 0, 0x0000
bE14B, 0xe14b, 0, 0x0000
bE15E, 0xe15e, 0, 0x0000
bE15C, 0xe15c, 0, 0x0000
bE162, 0xe162, 0, 0x0000
fE20D, 0xe20d, 0, 0x0000
fE20C, 0xe20c, 0, 0x0000
fE20B, 0xe20b, 0, 0x0000
fE20A, 0xe20a, 0, 0x0000
bE186, 0xe186, 0, 0x0000
bE188, 0xe188, 0, 0x0000
bE18F, 0xe18f, 0, 0x0000
bE1AA, 0xe1aa, 0, 0x0000
bE1BA, 0xe1ba, 0, 0x0000
bE1C7, 0xe1c7, 0, 0x0000
bE1FB, 0xe1fb, 0, 0x0000
bE1D7, 0xe1d7, 0, 0x0000
bE1E3, 0xe1e3, 0, 0x0000
bE200, 0xe200, 0, 0x0000
EXP, 0xe22a, 0, 0x0000
SQR, 0xe22e, 0, 0x0000
bE2AA, 0xe2aa, 0, 0x0000
bE241, 0xe241, 0, 0x0000
bE25B, 0xe25b, 0, 0x0000
bE27B, 0xe27b, 0, 0x0000
ExpData, 0xe27c, 0, 0x0000
bE2BA, 0xe2ba, 0, 0x0000
bE2C8, 0xe2c8, 0, 0x0000
bE2C5, 0xe2c5, 0, 0x0000
bE2D8, 0xe2d8, 0, 0x0000
SeriesEval, 0xe313, 0, 0x0000
sE317, 0xe317, 0, 0x0000
bE326, 0xe326, 0, 0x0000
bE32A, 0xe32a, 0, 0x0000
bE337, 0xe337, 0, 0x0000
bE346, 0xe346, 0, 0x0000
RND, 0xe34f, 0, 0x0000
bE36D, 0xe36d, 0, 0x0000
sE388, 0xe388, 0, 0x0000
COS, 0xe38b, 0, 0x0000
SIN, 0xe392, 0, 0x0000
bE3C4, 0xe3c4, 0, 0x0000
bE3C7, 0xe3c7, 0, 0x0000
bE3D4, 0xe3d4, 0, 0x0000
sE403, 0xe403, 0, 0x0000
TrigData, 0xe407, 0, 0x0000
ATN, 0xe43f, 0, 0x0000
bE447, 0xe447, 0, 0x0000
bE455, 0xe455, 0, 0x0000
bE468, 0xe468, 0, 0x0000
bE46E, 0xe46e, 0, 0x0000
ATNData, 0xe46f, 0, 0x0000
TapeSync, 0xe4ac, 0, 0x0000
SyncTape, 0xe735, 0, 0x0000
bE4AF, 0xe4af, 0, 0x0000
GetTapeByte, 0xe6c9, 0, 0x0000
bE4BB, 0xe4bb, 0, 0x0000
bE4C4, 0xe4c4, 0, 0x0000
bE4D3, 0xe4d3, 0, 0x0000
PrintFound, 0xe594, 0, 0x0000
sE790, 0xe790, 0, 0x0000
GetTapeData, 0xe4e0, 0, 0x0000
bE4EC, 0xe4ec, 0, 0x0000
VERIFY, 0xe4f2, 0, 0x0000
bE4F9, 0xe4f9, 0, 0x0000
jE505, 0xe505, 0, 0x0000
IncTapeCount, 0xe56c, 0, 0x0000
bE57C, 0xe57c, 0, 0x0000
PrintSearching, 0xe57d, 0, 0x0000
ClrStatus, 0xe5ea, 0, 0x0000
PrintSaving, 0xe585, 0, 0x0000
PrintFName, 0xe58c, 0, 0x0000
PrintMsg, 0xe5b6, 0, 0x0000
PrintVerifying, 0xe5ab, 0, 0x0000
sE59B, 0xe59b, 0, 0x0000
bE5A7, 0xe5a7, 0, 0x0000
aE5A2, 0xe5a2, 0, 0x0000
PrintLoading, 0xe5a4, 0, 0x0000
PrintStatus, 0xf865, 0, 0x0000
bE5D7, 0xe5d7, 0, 0x0000
fE5E5, 0xe5e5, 0, 0x0000
ClrTapeStatus, 0xe5f5, 0, 0x0000
bE605, 0xe605, 0, 0x0000
bE5FF, 0xe5ff, 0, 0x0000
WriteFileHeader, 0xe607, 0, 0x0000
WriteLeader, 0xe75a, 0, 0x0000
PutTapeByte, 0xe65e, 0, 0x0000
bE611, 0xe611, 0, 0x0000
bE61A, 0xe61a, 0, 0x0000
bE625, 0xe625, 0, 0x0000
bE62A, 0xe62a, 0, 0x0000
sE62E, 0xe62e, 0, 0x0000
bE63A, 0xe63a, 0, 0x0000
sE651, 0xe651, 0, 0x0000
bE65D, 0xe65d, 0, 0x0000
sE6C0, 0xe6c0, 0, 0x0000
bE674, 0xe674, 0, 0x0000
bE66E, 0xe66e, 0, 0x0000
sE68B, 0xe68b, 0, 0x0000
bE67F, 0xe67f, 0, 0x0000
bE69C, 0xe69c, 0, 0x0000
sE6B2, 0xe6b2, 0, 0x0000
bE6A6, 0xe6a6, 0, 0x0000
sE6AB, 0xe6ab, 0, 0x0000
bE6BA, 0xe6ba, 0, 0x0000
bE6C3, 0xe6c3, 0, 0x0000
sE71C, 0xe71c, 0, 0x0000
bE6D0, 0xe6d0, 0, 0x0000
sE6FF, 0xe6ff, 0, 0x0000
bE6F0, 0xe6f0, 0, 0x0000
bE6DE, 0xe6de, 0, 0x0000
sE6FC, 0xe6fc, 0, 0x0000
bE6F5, 0xe6f5, 0, 0x0000
bE71A, 0xe71a, 0, 0x0000
bE70E, 0xe70e, 0, 0x0000
bE710, 0xe710, 0, 0x0000
bE720, 0xe720, 0, 0x0000
bE74D, 0xe74d, 0, 0x0000
bE748, 0xe748, 0, 0x0000
bE74F, 0xe74f, 0, 0x0000
bE75E, 0xe75e, 0, 0x0000
SetupTape, 0xe76a, 0, 0x0000
StopTimer, 0xee1a, 0, 0x0000
bE770, 0xe770, 0, 0x0000
fE782, 0xe782, 0, 0x0000
fE789, 0xe789, 0, 0x0000
bE7AE, 0xe7ae, 0, 0x0000
bE799, 0xe799, 0, 0x0000
bE7A2, 0xe7a2, 0, 0x0000
bE7AF, 0xe7af, 0, 0x0000
GetTapeParams, 0xe7b2, 0, 0x0000
bE7DA, 0xe7da, 0, 0x0000
bE7E7, 0xe7e7, 0, 0x0000
bE7EC, 0xe7ec, 0, 0x0000
bE852, 0xe852, 0, 0x0000
bE7F5, 0xe7f5, 0, 0x0000
bE807, 0xe807, 0, 0x0000
bE810, 0xe810, 0, 0x0000
bE819, 0xe819, 0, 0x0000
bE822, 0xe822, 0, 0x0000
bE82A, 0xe82a, 0, 0x0000
bE871, 0xe871, 0, 0x0000
bE849, 0xe849, 0, 0x0000
CLOAD, 0xe85b, 0, 0x0000
bE874, 0xe874, 0, 0x0000
bE87A, 0xe87a, 0, 0x0000
bE8B3, 0xe8b3, 0, 0x0000
bE896, 0xe896, 0, 0x0000
bE8D3, 0xe8d3, 0, 0x0000
bE8E9, 0xe8e9, 0, 0x0000
bE8E8, 0xe8e8, 0, 0x0000
bE903, 0xe903, 0, 0x0000
CSAVE, 0xe909, 0, 0x0000
bE92C, 0xe92c, 0, 0x0000
ResetVIA, 0xf9aa, 0, 0x0000
SetupTimer, 0xede0, 0, 0x0000
CALL, 0xe946, 0, 0x0000
sE94C, 0xe94c, 0, 0x0000
bE967, 0xe967, 0, 0x0000
bE954, 0xe954, 0, 0x0000
bE95A, 0xe95a, 0, 0x0000
bE964, 0xe964, 0, 0x0000
bE97C, 0xe97c, 0, 0x0000
STORE, 0xe987, 0, 0x0000
sEA57, 0xea57, 0, 0x0000
sEA9E, 0xea9e, 0, 0x0000
bE9CC, 0xe9cc, 0, 0x0000
bE9AA, 0xe9aa, 0, 0x0000
bE9C7, 0xe9c7, 0, 0x0000
bE9B3, 0xe9b3, 0, 0x0000
bE9BC, 0xe9bc, 0, 0x0000
sEA42, 0xea42, 0, 0x0000
RECALL, 0xe9d1, 0, 0x0000
bE9DB, 0xe9db, 0, 0x0000
bEA09, 0xea09, 0, 0x0000
bEA3A, 0xea3a, 0, 0x0000
bEA13, 0xea13, 0, 0x0000
bEA35, 0xea35, 0, 0x0000
bEA20, 0xea20, 0, 0x0000
bEA2B, 0xea2b, 0, 0x0000
bEA2D, 0xea2d, 0, 0x0000
bEA4D, 0xea4d, 0, 0x0000
aEA60, 0xea60, 0, 0x0000
bEA74, 0xea74, 0, 0x0000
bEA9A, 0xea9a, 0, 0x0000
fEAC1, 0xeac1, 0, 0x0000
fEAC2, 0xeac2, 0, 0x0000
fEAD9, 0xead9, 0, 0x0000
fEAE5, 0xeae5, 0, 0x0000
HiresTest, 0xeaf0, 0, 0x0000
bEAFC, 0xeafc, 0, 0x0000
bEB03, 0xeb03, 0, 0x0000
bEB00, 0xeb00, 0, 0x0000
jEB26, 0xeb26, 0, 0x0000
bEB34, 0xeb34, 0, 0x0000
jEB3B, 0xeb3b, 0, 0x0000
bEB5A, 0xeb5a, 0, 0x0000
bEB6D, 0xeb6d, 0, 0x0000
bEB88, 0xeb88, 0, 0x0000
sEB89, 0xeb89, 0, 0x0000
bEB8F, 0xeb8f, 0, 0x0000
bEB8D, 0xeb8d, 0, 0x0000
bEB8E, 0xeb8e, 0, 0x0000
bEB97, 0xeb97, 0, 0x0000
sEBB5, 0xebb5, 0, 0x0000
bEBBC, 0xebbc, 0, 0x0000
bEBBD, 0xebbd, 0, 0x0000
sEBC1, 0xebc1, 0, 0x0000
bEBCA, 0xebca, 0, 0x0000
HIMEM, 0xebce, 0, 0x0000
bEBE0, 0xebe0, 0, 0x0000
bEBDD, 0xebdd, 0, 0x0000
bEBF9, 0xebf9, 0, 0x0000
bEBF4, 0xebf4, 0, 0x0000
RELEASE, 0xec0c, 0, 0x0000
bEC32, 0xec32, 0, 0x0000
LoresMode, 0xf967, 0, 0x0000
HIRES, 0xec33, 0, 0x0000
HiresMode, 0xf920, 0, 0x0000
POINT, 0xec45, 0, 0x0000
sF1C8, 0xf1c8, 0, 0x0000
bEC99, 0xec99, 0, 0x0000
fEC9B, 0xec9b, 0, 0x0000
bEC9C, 0xec9c, 0, 0x0000
bECA2, 0xeca2, 0, 0x0000
sECB9, 0xecb9, 0, 0x0000
bECCB, 0xeccb, 0, 0x0000
bECFB, 0xecfb, 0, 0x0000
bED55, 0xed55, 0, 0x0000
MessageBytesFree, 0xed88, 0, 0x0000
MessageOricExtendedBasic, 0xed96, 0, 0x0000
id_addr, 0xedb0, 0, 0x0000
CopyMem, 0xedc4, 0, 0x0000
bEDC8, 0xedc8, 0, 0x0000
bEDD0, 0xedd0, 0, 0x0000
bEDDF, 0xeddf, 0, 0x0000
ResetTimer, 0xee8c, 0, 0x0000
SetTimer, 0xeeab, 0, 0x0000
IRQ, 0xee22, 0, 0x0000
bEE30, 0xee30, 0, 0x0000
sEE34, 0xee34, 0, 0x0000
bEE3B, 0xee3b, 0, 0x0000
GetTimer, 0xee9d, 0, 0x0000
bEE6B, 0xee6b, 0, 0x0000
ReadKbd, 0xf495, 0, 0x0000
bEE86, 0xee86, 0, 0x0000
bEE93, 0xee93, 0, 0x0000
bEECC, 0xeecc, 0, 0x0000
sEED8, 0xeed8, 0, 0x0000
sEEDE, 0xeede, 0, 0x0000
WritePixel, 0xeee8, 0, 0x0000
sF049, 0xf049, 0, 0x0000
sF024, 0xf024, 0, 0x0000
DrawLine, 0xeef8, 0, 0x0000
bEF0B, 0xef0b, 0, 0x0000
bEF1A, 0xef1a, 0, 0x0000
bEF31, 0xef31, 0, 0x0000
bEF30, 0xef30, 0, 0x0000
sEF40, 0xef40, 0, 0x0000
sEF84, 0xef84, 0, 0x0000
bEF3F, 0xef3f, 0, 0x0000
sEF5C, 0xef5c, 0, 0x0000
sEFC8, 0xefc8, 0, 0x0000
sEFFA, 0xeffa, 0, 0x0000
bEF67, 0xef67, 0, 0x0000
sF095, 0xf095, 0, 0x0000
jEF6A, 0xef6a, 0, 0x0000
sF089, 0xf089, 0, 0x0000
sEFAC, 0xefac, 0, 0x0000
bEF7D, 0xef7d, 0, 0x0000
bEF7A, 0xef7a, 0, 0x0000
sF0B2, 0xf0b2, 0, 0x0000
sF0A1, 0xf0a1, 0, 0x0000
sF016, 0xf016, 0, 0x0000
bEF8F, 0xef8f, 0, 0x0000
jEF92, 0xef92, 0, 0x0000
bEFA5, 0xefa5, 0, 0x0000
bEFA2, 0xefa2, 0, 0x0000
bEFC1, 0xefc1, 0, 0x0000
bEFD5, 0xefd5, 0, 0x0000
bEFF1, 0xeff1, 0, 0x0000
bF014, 0xf014, 0, 0x0000
bF020, 0xf020, 0, 0x0000
bF048, 0xf048, 0, 0x0000
bF042, 0xf042, 0, 0x0000
bF03D, 0xf03d, 0, 0x0000
bF07C, 0xf07c, 0, 0x0000
bF082, 0xf082, 0, 0x0000
bF094, 0xf094, 0, 0x0000
bF0A0, 0xf0a0, 0, 0x0000
bF0B1, 0xf0b1, 0, 0x0000
bF0C7, 0xf0c7, 0, 0x0000
bF0C5, 0xf0c5, 0, 0x0000
CURSET, 0xf0c8, 0, 0x0000
sF2F8, 0xf2f8, 0, 0x0000
bF0F9, 0xf0f9, 0, 0x0000
CURMOV, 0xf0fd, 0, 0x0000
sF30A, 0xf30a, 0, 0x0000
bF10C, 0xf10c, 0, 0x0000
DRAW, 0xf110, 0, 0x0000
bF119, 0xf119, 0, 0x0000
PATTERN, 0xf11d, 0, 0x0000
bF129, 0xf129, 0, 0x0000
CHAR, 0xf12d, 0, 0x0000
bF16D, 0xf16d, 0, 0x0000
sF171, 0xf171, 0, 0x0000
sF19B, 0xf19b, 0, 0x0000
bF186, 0xf186, 0, 0x0000
bF19E, 0xf19e, 0, 0x0000
sF35D, 0xf35d, 0, 0x0000
bF1AD, 0xf1ad, 0, 0x0000
bF1B4, 0xf1b4, 0, 0x0000
sF36E, 0xf36e, 0, 0x0000
bF200, 0xf200, 0, 0x0000
bF1F7, 0xf1f7, 0, 0x0000
jF1F9, 0xf1f9, 0, 0x0000
PAPER, 0xf204, 0, 0x0000
sF21C, 0xf21c, 0, 0x0000
INK, 0xf210, 0, 0x0000
bF264, 0xf264, 0, 0x0000
bF247, 0xf247, 0, 0x0000
jF251, 0xf251, 0, 0x0000
sF2CD, 0xf2cd, 0, 0x0000
FILL, 0xf268, 0, 0x0000
bF2C9, 0xf2c9, 0, 0x0000
jF276, 0xf276, 0, 0x0000
bF27F, 0xf27f, 0, 0x0000
bF2B3, 0xf2b3, 0, 0x0000
bF2CE, 0xf2ce, 0, 0x0000
bF2D3, 0xf2d3, 0, 0x0000
sF2E4, 0xf2e4, 0, 0x0000
bF2F6, 0xf2f6, 0, 0x0000
bF2F7, 0xf2f7, 0, 0x0000
bF308, 0xf308, 0, 0x0000
bF309, 0xf309, 0, 0x0000
bF35C, 0xf35c, 0, 0x0000
CIRCLE, 0xf37f, 0, 0x0000
bF3C2, 0xf3c2, 0, 0x0000
sF3C6, 0xf3c6, 0, 0x0000
jF3C5, 0xf3c5, 0, 0x0000
sF485, 0xf485, 0, 0x0000
bF3F2, 0xf3f2, 0, 0x0000
sF414, 0xf414, 0, 0x0000
sF444, 0xf444, 0, 0x0000
bF403, 0xf403, 0, 0x0000
sF474, 0xf474, 0, 0x0000
bF443, 0xf443, 0, 0x0000
bF43C, 0xf43c, 0, 0x0000
jF43F, 0xf43f, 0, 0x0000
bF473, 0xf473, 0, 0x0000
bF46C, 0xf46c, 0, 0x0000
jF46F, 0xf46f, 0, 0x0000
bF47A, 0xf47a, 0, 0x0000
bF48D, 0xf48d, 0, 0x0000
bF4BD, 0xf4bd, 0, 0x0000
ReadKbdCol, 0xf561, 0, 0x0000
bF4E7, 0xf4e7, 0, 0x0000
jF4C6, 0xf4c6, 0, 0x0000
FindKey, 0xf523, 0, 0x0000
Key2ASCII, 0xf4ef, 0, 0x0000
bF4E9, 0xf4e9, 0, 0x0000
bF4E3, 0xf4e3, 0, 0x0000
bF4E0, 0xf4e0, 0, 0x0000
KeyClickH, 0xfb14, 0, 0x0000
KeyClickL, 0xfb2a, 0, 0x0000
bF4FD, 0xf4fd, 0, 0x0000
bF500, 0xf500, 0, 0x0000
bF522, 0xf522, 0, 0x0000
KeyCodeTab, 0xff78, 0, 0x0000
bF514, 0xf514, 0, 0x0000
bF520, 0xf520, 0, 0x0000
bF531, 0xf531, 0, 0x0000
bF550, 0xf550, 0, 0x0000
bF548, 0xf548, 0, 0x0000
WriteToAY, 0xf590, 0, 0x0000
bF56E, 0xf56e, 0, 0x0000
bF575, 0xf575, 0, 0x0000
bF58C, 0xf58c, 0, 0x0000
bF59D, 0xf59d, 0, 0x0000
PrintChar, 0xf5c1, 0, 0x0000
bF5D7, 0xf5d7, 0, 0x0000
fF5E2, 0xf5e2, 0, 0x0000
ControlChr, 0xf602, 0, 0x0000
bF639, 0xf639, 0, 0x0000
sF7D7, 0xf7d7, 0, 0x0000
bF679, 0xf679, 0, 0x0000
bF653, 0xf653, 0, 0x0000
jF6FE, 0xf6fe, 0, 0x0000
sF70D, 0xf70d, 0, 0x0000
bF67C, 0xf67c, 0, 0x0000
bF681, 0xf681, 0, 0x0000
ClearLine, 0xf71a, 0, 0x0000
bF6A2, 0xf6a2, 0, 0x0000
bF6B0, 0xf6b0, 0, 0x0000
sF75A, 0xf75a, 0, 0x0000
sF7DE, 0xf7de, 0, 0x0000
bF716, 0xf716, 0, 0x0000
bF71E, 0xf71e, 0, 0x0000
bF74A, 0xf74a, 0, 0x0000
bF766, 0xf766, 0, 0x0000
CAPS, 0xf770, 0, 0x0000
jF76A, 0xf76a, 0, 0x0000
NOCAPS, 0xf776, 0, 0x0000
bF7CD, 0xf7cd, 0, 0x0000
bF7D0, 0xf7d0, 0, 0x0000
bF7B5, 0xf7b5, 0, 0x0000
bF7B1, 0xf7b1, 0, 0x0000
bF7AA, 0xf7aa, 0, 0x0000
PrintA, 0xf7e4, 0, 0x0000
bF7C1, 0xf7c1, 0, 0x0000
bF7E3, 0xf7e3, 0, 0x0000
bF7FA, 0xf7fa, 0, 0x0000
AltChars, 0xf816, 0, 0x0000
sF82D, 0xf82d, 0, 0x0000
jF82F, 0xf82f, 0, 0x0000
sF854, 0xf854, 0, 0x0000
sF852, 0xf852, 0, 0x0000
sF850, 0xf850, 0, 0x0000
bF84E, 0xf84e, 0, 0x0000
AltCharsData, 0xf861, 0, 0x0000
bF87B, 0xf87b, 0, 0x0000
bF870, 0xf870, 0, 0x0000
fF87C, 0xf87c, 0, 0x0000
NMI, 0xf8b2, 0, 0x0000
Reset, 0xf88f, 0, 0x0000
bF896, 0xf896, 0, 0x0000
RamTest, 0xfa14, 0, 0x0000
SystemSetUp, 0xf8b8, 0, 0x0000
BASICStart, 0xf8af, 0, 0x0000
BASICRestart, 0xf8b5, 0, 0x0000
sF90E, 0xf90e, 0, 0x0000
SetupText, 0xf9c9, 0, 0x0000
sF982, 0xf982, 0, 0x0000
sF8DC, 0xf8dc, 0, 0x0000
bF92B, 0xf92b, 0, 0x0000
bF984, 0xf984, 0, 0x0000
AddressTable, 0xf992, 0, 0x0000
sFA07, 0xfa07, 0, 0x0000
bF9D2, 0xf9d2, 0, 0x0000
bFA30, 0xfa30, 0, 0x0000
bFA35, 0xfa35, 0, 0x0000
bFA3C, 0xfa3c, 0, 0x0000
bFA42, 0xfa42, 0, 0x0000
bFA4E, 0xfa4e, 0, 0x0000
bFA5D, 0xfa5d, 0, 0x0000
bFA77, 0xfa77, 0, 0x0000
bFA7B, 0xfa7b, 0, 0x0000
sFA86, 0xfa86, 0, 0x0000
bFA8E, 0xfa8e, 0, 0x0000
PingData, 0xfaa7, 0, 0x0000
SHOOT, 0xfab5, 0, 0x0000
ShootData, 0xfabd, 0, 0x0000
EXPLODE, 0xfacb, 0, 0x0000
ExplodeData, 0xfad3, 0, 0x0000
ZAP, 0xfae1, 0, 0x0000
bFAEB, 0xfaeb, 0, 0x0000
bFAF4, 0xfaf4, 0, 0x0000
ZapData, 0xfb06, 0, 0x0000
KeyClickHData, 0xfb1c, 0, 0x0000
KeyClickLData, 0xfb32, 0, 0x0000
SOUND, 0xfb40, 0, 0x0000
bFB69, 0xfb69, 0, 0x0000
bFB57, 0xfb57, 0, 0x0000
bFB62, 0xfb62, 0, 0x0000
bFB63, 0xfb63, 0, 0x0000
bFB8F, 0xfb8f, 0, 0x0000
bFB7D, 0xfb7d, 0, 0x0000
bFB88, 0xfb88, 0, 0x0000
bFB89, 0xfb89, 0, 0x0000
bFBB5, 0xfbb5, 0, 0x0000
bFBA3, 0xfba3, 0, 0x0000
bFBAE, 0xfbae, 0, 0x0000
bFBAF, 0xfbaf, 0, 0x0000
PLAY, 0xfbd0, 0, 0x0000
EnvelopePatterns, 0xfc10, 0, 0x0000
MUSIC, 0xfc18, 0, 0x0000
bFC5A, 0xfc5a, 0, 0x0000
MusicData, 0xfc5e, 0, 0x0000
MusicData2, 0xfc6b, 0, 0x0000
jFC4B, 0xfc4b, 0, 0x0000
bFC57, 0xfc57, 0, 0x0000
CharSet, 0xfc78, 0, 0x0000
VECTOR_NMI, 0xfffa, 0, 0x0000
VECTOR_RESET, 0xfffc, 0, 0x0000
VECTOR_IRQ, 0xfffe, 0, 0x0000
